<?xml version="1.0" encoding="UTF-8"?>
<!-- Generated by org.testng.reporters.JUnitXMLReporter -->
<testsuite ignored="0" hostname="MT-PC" failures="0" tests="4" name="Default test" time="17.128" errors="0" timestamp="2024-08-20T16:57:00 ICT">
  <testcase classname="WebDriver.Topic_12_Web_Browser_Command" name="TC_01_Verify_Url" time="5.458"/>
  <testcase classname="WebDriver.Topic_12_Web_Browser_Command" name="TC_02_Verify_Title" time="2.653"/>
  <testcase classname="WebDriver.Topic_12_Web_Browser_Command" name="TC_03_Navigate_function" time="4.211"/>
  <testcase classname="WebDriver.Topic_12_Web_Browser_Command" name="TC_04_Page_Source" time="2.508"/>
</testsuite> <!-- Default test -->
