<?xml version="1.0" encoding="UTF-8"?>
<!-- Generated by org.testng.reporters.JUnitXMLReporter -->
<testsuite ignored="0" hostname="MT-PC" failures="2" tests="122" name="Run on Package" time="16.287" errors="0" timestamp="2024-10-10T20:50:15 ICT">
  <testcase classname="TestNG.Topic_01_Annotation" name="TC_01" time="0.008"/>
  <testcase classname="TestNG.Topic_01_Annotation" name="TC_02" time="0.006"/>
  <testcase classname="TestNG.Topic_01_Annotation" name="TC_03" time="0.007"/>
  <testcase classname="TestNG.Topic_02_Assertions" name="TC_01" time="0.047"/>
  <testcase classname="TestNG.Topic_02_Assertions" name="TC_02" time="0.005"/>
  <testcase classname="TestNG.Topic_02_Assertions" name="TC_03" time="0.006"/>
  <testcase classname="TestNG.Topic_03_Group" name="TC_01" time="0.004"/>
  <testcase classname="TestNG.Topic_03_Group" name="TC_02" time="0.002"/>
  <testcase classname="TestNG.Topic_03_Group" name="TC_03" time="0.046"/>
  <testcase classname="TestNG.Topic_04_AlwaysRun" name="TC_01" time="0.002"/>
  <testcase classname="TestNG.Topic_04_AlwaysRun" name="TC_02" time="0.003"/>
  <testcase classname="TestNG.Topic_04_AlwaysRun" name="TC_03" time="0.003"/>
  <testcase classname="TestNG.Topic_05_DataProvider" name="TC_01" time="0.001"/>
  <testcase classname="TestNG.Topic_05_DataProvider" name="TC_01" time="0.001"/>
  <testcase classname="TestNG.Topic_06_Parameter" name="TC_01" time="6.085"/>
  <testcase classname="TestNG.Topic_07_Loop" name="TC_01" time="0.001"/>
  <testcase classname="TestNG.Topic_07_Loop" name="TC_01" time="0.001"/>
  <testcase classname="TestNG.Topic_07_Loop" name="TC_01" time="0.001"/>
  <testcase classname="TestNG.Topic_07_Loop" name="TC_01" time="0.001"/>
  <testcase classname="TestNG.Topic_07_Loop" name="TC_01" time="0.001"/>
  <testcase classname="TestNG.Topic_07_Loop" name="TC_01" time="0.001"/>
  <testcase classname="TestNG.Topic_07_Loop" name="TC_01" time="0.006"/>
  <testcase classname="TestNG.Topic_07_Loop" name="TC_01" time="0.004"/>
  <testcase classname="TestNG.Topic_07_Loop" name="TC_01" time="0.003"/>
  <testcase classname="TestNG.Topic_07_Loop" name="TC_01" time="0.001"/>
  <testcase classname="TestNG.Topic_07_Loop" name="TC_01" time="0.001"/>
  <testcase classname="TestNG.Topic_07_Loop" name="TC_01" time="0.004"/>
  <testcase classname="TestNG.Topic_07_Loop" name="TC_01" time="0.001"/>
  <testcase classname="TestNG.Topic_07_Loop" name="TC_01" time="0.002"/>
  <testcase classname="TestNG.Topic_07_Loop" name="TC_01" time="0.0"/>
  <testcase classname="TestNG.Topic_07_Loop" name="TC_01" time="0.002"/>
  <testcase classname="TestNG.Topic_07_Loop" name="TC_01" time="0.002"/>
  <testcase classname="TestNG.Topic_07_Loop" name="TC_01" time="0.001"/>
  <testcase classname="TestNG.Topic_07_Loop" name="TC_01" time="0.001"/>
  <testcase classname="TestNG.Topic_07_Loop" name="TC_01" time="0.005"/>
  <testcase classname="TestNG.Topic_07_Loop" name="TC_01" time="0.002"/>
  <testcase classname="TestNG.Topic_07_Loop" name="TC_01" time="0.003"/>
  <testcase classname="TestNG.Topic_07_Loop" name="TC_01" time="0.006"/>
  <testcase classname="TestNG.Topic_07_Loop" name="TC_01" time="0.002"/>
  <testcase classname="TestNG.Topic_07_Loop" name="TC_01" time="0.008"/>
  <testcase classname="TestNG.Topic_07_Loop" name="TC_01" time="0.002"/>
  <testcase classname="TestNG.Topic_07_Loop" name="TC_01" time="0.003"/>
  <testcase classname="TestNG.Topic_07_Loop" name="TC_01" time="0.002"/>
  <testcase classname="TestNG.Topic_07_Loop" name="TC_01" time="0.001"/>
  <testcase classname="TestNG.Topic_07_Loop" name="TC_01" time="0.001"/>
  <testcase classname="TestNG.Topic_07_Loop" name="TC_01" time="0.004"/>
  <testcase classname="TestNG.Topic_07_Loop" name="TC_01" time="0.002"/>
  <testcase classname="TestNG.Topic_07_Loop" name="TC_01" time="0.002"/>
  <testcase classname="TestNG.Topic_07_Loop" name="TC_01" time="0.001"/>
  <testcase classname="TestNG.Topic_07_Loop" name="TC_01" time="0.002"/>
  <testcase classname="TestNG.Topic_07_Loop" name="TC_01" time="0.002"/>
  <testcase classname="TestNG.Topic_07_Loop" name="TC_01" time="0.001"/>
  <testcase classname="TestNG.Topic_07_Loop" name="TC_01" time="0.003"/>
  <testcase classname="TestNG.Topic_07_Loop" name="TC_01" time="0.002"/>
  <testcase classname="TestNG.Topic_07_Loop" name="TC_01" time="0.007"/>
  <testcase classname="TestNG.Topic_07_Loop" name="TC_01" time="0.003"/>
  <testcase classname="TestNG.Topic_07_Loop" name="TC_01" time="0.003"/>
  <testcase classname="TestNG.Topic_07_Loop" name="TC_01" time="0.001"/>
  <testcase classname="TestNG.Topic_07_Loop" name="TC_01" time="0.002"/>
  <testcase classname="TestNG.Topic_07_Loop" name="TC_01" time="0.001"/>
  <testcase classname="TestNG.Topic_07_Loop" name="TC_01" time="0.001"/>
  <testcase classname="TestNG.Topic_07_Loop" name="TC_01" time="0.001"/>
  <testcase classname="TestNG.Topic_07_Loop" name="TC_01" time="0.001"/>
  <testcase classname="TestNG.Topic_07_Loop" name="TC_01" time="0.001"/>
  <testcase classname="TestNG.Topic_07_Loop" name="TC_01" time="0.003"/>
  <testcase classname="TestNG.Topic_07_Loop" name="TC_01" time="0.001"/>
  <testcase classname="TestNG.Topic_07_Loop" name="TC_01" time="0.001"/>
  <testcase classname="TestNG.Topic_07_Loop" name="TC_01" time="0.0"/>
  <testcase classname="TestNG.Topic_07_Loop" name="TC_01" time="0.001"/>
  <testcase classname="TestNG.Topic_07_Loop" name="TC_01" time="0.001"/>
  <testcase classname="TestNG.Topic_07_Loop" name="TC_01" time="0.001"/>
  <testcase classname="TestNG.Topic_07_Loop" name="TC_01" time="0.004"/>
  <testcase classname="TestNG.Topic_07_Loop" name="TC_01" time="0.001"/>
  <testcase classname="TestNG.Topic_07_Loop" name="TC_01" time="0.002"/>
  <testcase classname="TestNG.Topic_07_Loop" name="TC_01" time="0.001"/>
  <testcase classname="TestNG.Topic_07_Loop" name="TC_01" time="0.001"/>
  <testcase classname="TestNG.Topic_07_Loop" name="TC_01" time="0.001"/>
  <testcase classname="TestNG.Topic_07_Loop" name="TC_01" time="0.001"/>
  <testcase classname="TestNG.Topic_07_Loop" name="TC_01" time="0.001"/>
  <testcase classname="TestNG.Topic_07_Loop" name="TC_01" time="0.009"/>
  <testcase classname="TestNG.Topic_07_Loop" name="TC_01" time="0.004"/>
  <testcase classname="TestNG.Topic_07_Loop" name="TC_01" time="0.003"/>
  <testcase classname="TestNG.Topic_07_Loop" name="TC_01" time="0.004"/>
  <testcase classname="TestNG.Topic_07_Loop" name="TC_01" time="0.001"/>
  <testcase classname="TestNG.Topic_07_Loop" name="TC_01" time="0.001"/>
  <testcase classname="TestNG.Topic_07_Loop" name="TC_01" time="0.004"/>
  <testcase classname="TestNG.Topic_07_Loop" name="TC_01" time="0.001"/>
  <testcase classname="TestNG.Topic_07_Loop" name="TC_01" time="0.002"/>
  <testcase classname="TestNG.Topic_07_Loop" name="TC_01" time="0.002"/>
  <testcase classname="TestNG.Topic_07_Loop" name="TC_01" time="0.005"/>
  <testcase classname="TestNG.Topic_07_Loop" name="TC_01" time="0.001"/>
  <testcase classname="TestNG.Topic_07_Loop" name="TC_01" time="0.002"/>
  <testcase classname="TestNG.Topic_07_Loop" name="TC_01" time="0.002"/>
  <testcase classname="TestNG.Topic_07_Loop" name="TC_01" time="0.015"/>
  <testcase classname="TestNG.Topic_07_Loop" name="TC_01" time="0.006"/>
  <testcase classname="TestNG.Topic_07_Loop" name="TC_01" time="0.001"/>
  <testcase classname="TestNG.Topic_07_Loop" name="TC_01" time="0.001"/>
  <testcase classname="TestNG.Topic_07_Loop" name="TC_01" time="0.001"/>
  <testcase classname="TestNG.Topic_07_Loop" name="TC_01" time="0.004"/>
  <testcase classname="TestNG.Topic_07_Loop" name="TC_01" time="0.001"/>
  <testcase classname="TestNG.Topic_07_Loop" name="TC_01" time="0.001"/>
  <testcase classname="TestNG.Topic_07_Loop" name="TC_01" time="0.002"/>
  <testcase classname="TestNG.Topic_07_Loop" name="TC_01" time="0.001"/>
  <testcase classname="TestNG.Topic_07_Loop" name="TC_01" time="0.001"/>
  <testcase classname="TestNG.Topic_07_Loop" name="TC_01" time="0.004"/>
  <testcase classname="TestNG.Topic_07_Loop" name="TC_01" time="0.001"/>
  <testcase classname="TestNG.Topic_07_Loop" name="TC_01" time="0.001"/>
  <testcase classname="TestNG.Topic_07_Loop" name="TC_01" time="0.001"/>
  <testcase classname="TestNG.Topic_07_Loop" name="TC_01" time="0.001"/>
  <testcase classname="TestNG.Topic_07_Loop" name="TC_01" time="0.001"/>
  <testcase classname="TestNG.Topic_07_Loop" name="TC_01" time="0.001"/>
  <testcase classname="TestNG.Topic_07_Loop" name="TC_01" time="0.001"/>
  <testcase classname="TestNG.Topic_07_Loop" name="TC_01" time="0.003"/>
  <testcase classname="TestNG.Topic_07_Loop" name="TC_01" time="0.002"/>
  <testcase classname="TestNG.Topic_07_Loop" name="TC_01" time="0.002"/>
  <testcase classname="TestNG.Topic_08_TimeOut" name="TC_01" time="1.02">
    <failure type="org.testng.internal.thread.ThreadTimeoutException" message="Method TestNG.Topic_08_TimeOut.TC_01() didn&amp;apos;t finish within the time-out 1000">
      <![CDATA[org.testng.internal.thread.ThreadTimeoutException: Method TestNG.Topic_08_TimeOut.TC_01() didn't finish within the time-out 1000
at java.base@17.0.12/java.lang.Thread.sleep(Native Method)
at app//TestNG.Topic_08_TimeOut.TC_01(Topic_08_TimeOut.java:15)
at java.base@17.0.12/java.util.concurrent.FutureTask.run(FutureTask.java:264)
at java.base@17.0.12/java.util.concurrent.ThreadPoolExecutor.runWorker(ThreadPoolExecutor.java:1136)
at java.base@17.0.12/java.util.concurrent.ThreadPoolExecutor$Worker.run(ThreadPoolExecutor.java:635)
at java.base@17.0.12/java.lang.Thread.run(Thread.java:842)
... Removed 8 stack frames]]>
    </failure>
  </testcase> <!-- TC_01 -->
  <testcase classname="TestNG.Topic_09_Multiple_Suite_Admin" name="TC_01" time="0.004"/>
  <testcase classname="TestNG.Topic_09_Multiple_Suite_User" name="TC_01" time="0.005"/>
  <testcase classname="TestNG.Topic_10_Dependence" name="TC_01_Create_Account" time="0.002"/>
  <testcase classname="TestNG.Topic_10_Dependence" name="TC_04_Delete_Account" time="0.002"/>
  <testcase classname="TestNG.Topic_10_Dependence" name="TC_02_Edit_Account" time="0.015">
    <failure type="java.lang.AssertionError" message="expected [true] but found [false]">
      <![CDATA[java.lang.AssertionError: expected [true] but found [false]
at TestNG.Topic_10_Dependence.TC_02_Edit_Account(Topic_10_Dependence.java:22)
at java.base/java.util.ArrayList.forEach(ArrayList.java:1511)
... Removed 31 stack frames]]>
    </failure>
  </testcase> <!-- TC_02_Edit_Account -->
  <testcase classname="TestNG.Topic_10_Dependence" name="TC_03_View_Account" time="0.0">
    <skipped/>
  </testcase> <!-- TC_03_View_Account -->
</testsuite> <!-- Run on Package -->
