<?xml version="1.0" encoding="UTF-8"?>
<!-- Generated by org.testng.reporters.JUnitXMLReporter -->
<testsuite ignored="0" hostname="MT-PC" failures="1" tests="1" name="Run on Chrome" time="1.137" errors="0" timestamp="2024-10-10T20:04:45 ICT">
  <testcase classname="TestNG.Topic_08_TimeOut" name="TC_01" time="1.037">
    <failure type="org.testng.internal.thread.ThreadTimeoutException" message="Method TestNG.Topic_08_TimeOut.TC_01() didn&amp;apos;t finish within the time-out 1000">
      <![CDATA[org.testng.internal.thread.ThreadTimeoutException: Method TestNG.Topic_08_TimeOut.TC_01() didn't finish within the time-out 1000
at java.base@17.0.12/java.lang.Thread.sleep(Native Method)
at app//TestNG.Topic_08_TimeOut.TC_01(Topic_08_TimeOut.java:15)
at java.base@17.0.12/java.util.concurrent.FutureTask.run(FutureTask.java:264)
at java.base@17.0.12/java.util.concurrent.ThreadPoolExecutor.runWorker(ThreadPoolExecutor.java:1136)
at java.base@17.0.12/java.util.concurrent.ThreadPoolExecutor$Worker.run(ThreadPoolExecutor.java:635)
at java.base@17.0.12/java.lang.Thread.run(Thread.java:842)
... Removed 8 stack frames]]>
    </failure>
  </testcase> <!-- TC_01 -->
</testsuite> <!-- Run on Chrome -->
