<?xml version="1.0" encoding="UTF-8"?>
<!-- Generated by org.testng.reporters.JUnitXMLReporter -->
<testsuite ignored="0" hostname="MT-PC" failures="1" tests="118" name="Run on User" time="15.093" errors="0" timestamp="2024-10-10T20:22:53 ICT">
  <testcase classname="TestNG.Topic_01_Annotation" name="TC_01" time="0.007"/>
  <testcase classname="TestNG.Topic_01_Annotation" name="TC_02" time="0.007"/>
  <testcase classname="TestNG.Topic_01_Annotation" name="TC_03" time="0.003"/>
  <testcase classname="TestNG.Topic_02_Assertions" name="TC_01" time="0.008"/>
  <testcase classname="TestNG.Topic_02_Assertions" name="TC_02" time="0.003"/>
  <testcase classname="TestNG.Topic_02_Assertions" name="TC_03" time="0.004"/>
  <testcase classname="TestNG.Topic_03_Group" name="TC_01" time="0.007"/>
  <testcase classname="TestNG.Topic_03_Group" name="TC_02" time="0.003"/>
  <testcase classname="TestNG.Topic_03_Group" name="TC_03" time="0.001"/>
  <testcase classname="TestNG.Topic_04_AlwaysRun" name="TC_01" time="0.003"/>
  <testcase classname="TestNG.Topic_04_AlwaysRun" name="TC_02" time="0.003"/>
  <testcase classname="TestNG.Topic_04_AlwaysRun" name="TC_03" time="0.001"/>
  <testcase classname="TestNG.Topic_05_DataProvider" name="TC_01" time="0.002"/>
  <testcase classname="TestNG.Topic_05_DataProvider" name="TC_01" time="0.002"/>
  <testcase classname="TestNG.Topic_06_Parameter" name="TC_01" time="6.11"/>
  <testcase classname="TestNG.Topic_07_Loop" name="TC_01" time="0.002"/>
  <testcase classname="TestNG.Topic_07_Loop" name="TC_01" time="0.002"/>
  <testcase classname="TestNG.Topic_07_Loop" name="TC_01" time="0.001"/>
  <testcase classname="TestNG.Topic_07_Loop" name="TC_01" time="0.001"/>
  <testcase classname="TestNG.Topic_07_Loop" name="TC_01" time="0.001"/>
  <testcase classname="TestNG.Topic_07_Loop" name="TC_01" time="0.002"/>
  <testcase classname="TestNG.Topic_07_Loop" name="TC_01" time="0.0"/>
  <testcase classname="TestNG.Topic_07_Loop" name="TC_01" time="0.002"/>
  <testcase classname="TestNG.Topic_07_Loop" name="TC_01" time="0.002"/>
  <testcase classname="TestNG.Topic_07_Loop" name="TC_01" time="0.001"/>
  <testcase classname="TestNG.Topic_07_Loop" name="TC_01" time="0.002"/>
  <testcase classname="TestNG.Topic_07_Loop" name="TC_01" time="0.003"/>
  <testcase classname="TestNG.Topic_07_Loop" name="TC_01" time="0.001"/>
  <testcase classname="TestNG.Topic_07_Loop" name="TC_01" time="0.002"/>
  <testcase classname="TestNG.Topic_07_Loop" name="TC_01" time="0.0"/>
  <testcase classname="TestNG.Topic_07_Loop" name="TC_01" time="0.002"/>
  <testcase classname="TestNG.Topic_07_Loop" name="TC_01" time="0.001"/>
  <testcase classname="TestNG.Topic_07_Loop" name="TC_01" time="0.001"/>
  <testcase classname="TestNG.Topic_07_Loop" name="TC_01" time="0.002"/>
  <testcase classname="TestNG.Topic_07_Loop" name="TC_01" time="0.001"/>
  <testcase classname="TestNG.Topic_07_Loop" name="TC_01" time="0.002"/>
  <testcase classname="TestNG.Topic_07_Loop" name="TC_01" time="0.001"/>
  <testcase classname="TestNG.Topic_07_Loop" name="TC_01" time="0.002"/>
  <testcase classname="TestNG.Topic_07_Loop" name="TC_01" time="0.002"/>
  <testcase classname="TestNG.Topic_07_Loop" name="TC_01" time="0.002"/>
  <testcase classname="TestNG.Topic_07_Loop" name="TC_01" time="0.001"/>
  <testcase classname="TestNG.Topic_07_Loop" name="TC_01" time="0.013"/>
  <testcase classname="TestNG.Topic_07_Loop" name="TC_01" time="0.002"/>
  <testcase classname="TestNG.Topic_07_Loop" name="TC_01" time="0.002"/>
  <testcase classname="TestNG.Topic_07_Loop" name="TC_01" time="0.001"/>
  <testcase classname="TestNG.Topic_07_Loop" name="TC_01" time="0.001"/>
  <testcase classname="TestNG.Topic_07_Loop" name="TC_01" time="0.001"/>
  <testcase classname="TestNG.Topic_07_Loop" name="TC_01" time="0.001"/>
  <testcase classname="TestNG.Topic_07_Loop" name="TC_01" time="0.001"/>
  <testcase classname="TestNG.Topic_07_Loop" name="TC_01" time="0.001"/>
  <testcase classname="TestNG.Topic_07_Loop" name="TC_01" time="0.001"/>
  <testcase classname="TestNG.Topic_07_Loop" name="TC_01" time="0.001"/>
  <testcase classname="TestNG.Topic_07_Loop" name="TC_01" time="0.001"/>
  <testcase classname="TestNG.Topic_07_Loop" name="TC_01" time="0.001"/>
  <testcase classname="TestNG.Topic_07_Loop" name="TC_01" time="0.001"/>
  <testcase classname="TestNG.Topic_07_Loop" name="TC_01" time="0.001"/>
  <testcase classname="TestNG.Topic_07_Loop" name="TC_01" time="0.002"/>
  <testcase classname="TestNG.Topic_07_Loop" name="TC_01" time="0.002"/>
  <testcase classname="TestNG.Topic_07_Loop" name="TC_01" time="0.002"/>
  <testcase classname="TestNG.Topic_07_Loop" name="TC_01" time="0.001"/>
  <testcase classname="TestNG.Topic_07_Loop" name="TC_01" time="0.001"/>
  <testcase classname="TestNG.Topic_07_Loop" name="TC_01" time="0.002"/>
  <testcase classname="TestNG.Topic_07_Loop" name="TC_01" time="0.002"/>
  <testcase classname="TestNG.Topic_07_Loop" name="TC_01" time="0.001"/>
  <testcase classname="TestNG.Topic_07_Loop" name="TC_01" time="0.001"/>
  <testcase classname="TestNG.Topic_07_Loop" name="TC_01" time="0.001"/>
  <testcase classname="TestNG.Topic_07_Loop" name="TC_01" time="0.003"/>
  <testcase classname="TestNG.Topic_07_Loop" name="TC_01" time="0.001"/>
  <testcase classname="TestNG.Topic_07_Loop" name="TC_01" time="0.002"/>
  <testcase classname="TestNG.Topic_07_Loop" name="TC_01" time="0.001"/>
  <testcase classname="TestNG.Topic_07_Loop" name="TC_01" time="0.002"/>
  <testcase classname="TestNG.Topic_07_Loop" name="TC_01" time="0.001"/>
  <testcase classname="TestNG.Topic_07_Loop" name="TC_01" time="0.002"/>
  <testcase classname="TestNG.Topic_07_Loop" name="TC_01" time="0.001"/>
  <testcase classname="TestNG.Topic_07_Loop" name="TC_01" time="0.001"/>
  <testcase classname="TestNG.Topic_07_Loop" name="TC_01" time="0.001"/>
  <testcase classname="TestNG.Topic_07_Loop" name="TC_01" time="0.002"/>
  <testcase classname="TestNG.Topic_07_Loop" name="TC_01" time="0.0"/>
  <testcase classname="TestNG.Topic_07_Loop" name="TC_01" time="0.0"/>
  <testcase classname="TestNG.Topic_07_Loop" name="TC_01" time="0.001"/>
  <testcase classname="TestNG.Topic_07_Loop" name="TC_01" time="0.03"/>
  <testcase classname="TestNG.Topic_07_Loop" name="TC_01" time="0.004"/>
  <testcase classname="TestNG.Topic_07_Loop" name="TC_01" time="0.005"/>
  <testcase classname="TestNG.Topic_07_Loop" name="TC_01" time="0.001"/>
  <testcase classname="TestNG.Topic_07_Loop" name="TC_01" time="0.001"/>
  <testcase classname="TestNG.Topic_07_Loop" name="TC_01" time="0.04"/>
  <testcase classname="TestNG.Topic_07_Loop" name="TC_01" time="0.002"/>
  <testcase classname="TestNG.Topic_07_Loop" name="TC_01" time="0.001"/>
  <testcase classname="TestNG.Topic_07_Loop" name="TC_01" time="0.008"/>
  <testcase classname="TestNG.Topic_07_Loop" name="TC_01" time="0.005"/>
  <testcase classname="TestNG.Topic_07_Loop" name="TC_01" time="0.002"/>
  <testcase classname="TestNG.Topic_07_Loop" name="TC_01" time="0.006"/>
  <testcase classname="TestNG.Topic_07_Loop" name="TC_01" time="0.001"/>
  <testcase classname="TestNG.Topic_07_Loop" name="TC_01" time="0.001"/>
  <testcase classname="TestNG.Topic_07_Loop" name="TC_01" time="0.003"/>
  <testcase classname="TestNG.Topic_07_Loop" name="TC_01" time="0.006"/>
  <testcase classname="TestNG.Topic_07_Loop" name="TC_01" time="0.002"/>
  <testcase classname="TestNG.Topic_07_Loop" name="TC_01" time="0.001"/>
  <testcase classname="TestNG.Topic_07_Loop" name="TC_01" time="0.001"/>
  <testcase classname="TestNG.Topic_07_Loop" name="TC_01" time="0.001"/>
  <testcase classname="TestNG.Topic_07_Loop" name="TC_01" time="0.005"/>
  <testcase classname="TestNG.Topic_07_Loop" name="TC_01" time="0.002"/>
  <testcase classname="TestNG.Topic_07_Loop" name="TC_01" time="0.006"/>
  <testcase classname="TestNG.Topic_07_Loop" name="TC_01" time="0.002"/>
  <testcase classname="TestNG.Topic_07_Loop" name="TC_01" time="0.01"/>
  <testcase classname="TestNG.Topic_07_Loop" name="TC_01" time="0.005"/>
  <testcase classname="TestNG.Topic_07_Loop" name="TC_01" time="0.003"/>
  <testcase classname="TestNG.Topic_07_Loop" name="TC_01" time="0.001"/>
  <testcase classname="TestNG.Topic_07_Loop" name="TC_01" time="0.002"/>
  <testcase classname="TestNG.Topic_07_Loop" name="TC_01" time="0.007"/>
  <testcase classname="TestNG.Topic_07_Loop" name="TC_01" time="0.001"/>
  <testcase classname="TestNG.Topic_07_Loop" name="TC_01" time="0.001"/>
  <testcase classname="TestNG.Topic_07_Loop" name="TC_01" time="0.008"/>
  <testcase classname="TestNG.Topic_07_Loop" name="TC_01" time="0.001"/>
  <testcase classname="TestNG.Topic_07_Loop" name="TC_01" time="0.001"/>
  <testcase classname="TestNG.Topic_08_TimeOut" name="TC_01" time="1.01">
    <failure type="org.testng.internal.thread.ThreadTimeoutException" message="Method TestNG.Topic_08_TimeOut.TC_01() didn&amp;apos;t finish within the time-out 1000">
      <![CDATA[org.testng.internal.thread.ThreadTimeoutException: Method TestNG.Topic_08_TimeOut.TC_01() didn't finish within the time-out 1000
at java.base@17.0.12/java.lang.Thread.sleep(Native Method)
at app//TestNG.Topic_08_TimeOut.TC_01(Topic_08_TimeOut.java:15)
at java.base@17.0.12/java.util.concurrent.FutureTask.run(FutureTask.java:264)
at java.base@17.0.12/java.util.concurrent.ThreadPoolExecutor.runWorker(ThreadPoolExecutor.java:1136)
at java.base@17.0.12/java.util.concurrent.ThreadPoolExecutor$Worker.run(ThreadPoolExecutor.java:635)
at java.base@17.0.12/java.lang.Thread.run(Thread.java:842)
... Removed 8 stack frames]]>
    </failure>
  </testcase> <!-- TC_01 -->
  <testcase classname="TestNG.Topic_09_Multiple_Suite_Admin" name="TC_01" time="0.001"/>
  <testcase classname="TestNG.Topic_09_Multiple_Suite_User" name="TC_01" time="0.002"/>
</testsuite> <!-- Run on User -->
