<?xml version="1.0" encoding="UTF-8"?>
<testng-results ignored="0" total="1" passed="1" failed="0" skipped="0">
  <reporter-output>
  </reporter-output>
  <suite started-at="2024-08-15T22:49:53 ICT" name="Default suite" finished-at="2024-08-15T22:50:06 ICT" duration-ms="12947">
    <groups>
    </groups>
    <test started-at="2024-08-15T22:49:53 ICT" name="Default test" finished-at="2024-08-15T22:50:06 ICT" duration-ms="12947">
      <class name="Basic.Topic_03_Login_Xpath">
        <test-method signature="TC_01_Login_with_empty_email_password()[pri:0, instance:Basic.Topic_03_Login_Xpath@235834f2]" started-at="2024-08-15T22:49:53 ICT" name="TC_01_Login_with_empty_email_password" finished-at="2024-08-15T22:50:06 ICT" duration-ms="12863" status="PASS">
          <reporter-output>
          </reporter-output>
        </test-method> <!-- TC_01_Login_with_empty_email_password -->
      </class> <!-- Basic.Topic_03_Login_Xpath -->
    </test> <!-- Default test -->
  </suite> <!-- Default suite -->
</testng-results>
